<?xml version="1.0" encoding="UTF-8"?>
<testsuite name="NodeTest" tests="2" skipped="0" failures="0" errors="0" timestamp="2021-02-25T05:10:23" hostname="apples-MacBook-Pro.local" time="0.018">
  <properties/>
  <testcase name="nullNode" classname="NodeTest" time="0.017"/>
  <testcase name="uniquePreNode" classname="NodeTest" time="0.0"/>
  <system-out><![CDATA[]]></system-out>
  <system-err><![CDATA[]]></system-err>
</testsuite>
